# Generated by the VisualDSP++ IDDE (Thu Jan 19 14:09:28 2017)
# Project File: C:\Users\Achyuth Maddukuri\Desktop\dsp proj\projmat\Project16_new (1)\Project16.dpj

"C:\Program Files (x86)\Analog Devices\VisualDSP 5.1.2\cc21k.exe" -c "..\..\..\..\Dropbox\Digital Processors\references\proj code\finalproject\main.c" -file-attr ProjectName=Project16 -g -structs-do-not-overlap -no-multiline -double-size-32 -warn-protos -proc ADSP-21262 -o .\Debug\main.doj -MM
"..\..\..\..\Dropbox\Digital Processors\references\proj code\finalproject\main.c", line 19: cc0029:  error: 
          expected an expression
  float w[L]={0},xin[L]={0},x[N],Z[L],e,y[L],mu,U,wtemp[L],powerD[N],powerE[N],ERLE[L],A[N-L],B[N-L],C[L],QW;
                                                                                            ^

"..\..\..\..\Dropbox\Digital Processors\references\proj code\finalproject\main.c", line 19: cc0029:  error: 
          expected an expression
  float w[L]={0},xin[L]={0},x[N],Z[L],e,y[L],mu,U,wtemp[L],powerD[N],powerE[N],ERLE[L],A[N-L],B[N-L],C[L],QW;
                                                                                                   ^

"..\..\..\..\Dropbox\Digital Processors\references\proj code\finalproject\main.c", line 68: cc0029:  error: 
          expected an expression
         for(i=0;i<L;i++)      
                    ^

"..\..\..\..\Dropbox\Digital Processors\references\proj code\finalproject\main.c", line 73: cc0029:  error: 
          expected an expression
          for(j=0;j<L;j++)
                     ^

"..\..\..\..\Dropbox\Digital Processors\references\proj code\finalproject\main.c", line 86: cc0029:  error: 
          expected an expression
        for(i=0;i<L;i++)
                   ^

"..\..\..\..\Dropbox\Digital Processors\references\proj code\finalproject\main.c", line 92: cc0029:  error: 
          expected an expression
      for(n=0;n<L;n++)
                 ^

"..\..\..\..\Dropbox\Digital Processors\references\proj code\finalproject\main.c", line 99: cc0029:  error: 
          expected an expression
      for(n=0;n<L;n++)
                 ^

"..\..\..\..\Dropbox\Digital Processors\references\proj code\finalproject\main.c", line 117: cc0127:  error: 
          expected a statement
  else
  ^

"..\..\..\..\Dropbox\Digital Processors\references\proj code\finalproject\main.c", line 125: cc0012: {D} warning: 
          parsing restarts here after previous syntax error
  }
  ^

"..\..\..\..\Dropbox\Digital Processors\references\proj code\finalproject\main.c", line 133: cc0065:  error: 
          expected a ";"
  {
  ^

"..\..\..\..\Dropbox\Digital Processors\references\proj code\finalproject\main.c", line 182: cc0001: {D} warning: 
          last line of file ends without a newline
  }
   ^

"..\..\..\..\Dropbox\Digital Processors\references\proj code\finalproject\main.c", line 182: cc0012: {D} warning: 
          parsing restarts here after previous syntax error
  }
  ^

9 errors detected in the compilation of "..\..\..\..\Dropbox\Digital Processors\references\proj code\finalproject\main.c".
cc3089: fatal error: Compilation failed
Tool failed with exit/exception code: 1.
